Arguments: 
  /usr/bin/node /usr/share/yarn/bin/yarn.js install

PATH: 
  /usr/local/sbin:/usr/local/bin:/usr/sbin:/usr/bin:/sbin:/bin:/usr/games:/usr/local/games:/snap/bin

Yarn version: 
  1.22.4

Node version: 
  8.10.0

Platform: 
  linux x64

Trace: 
  Error: getaddrinfo ENOTFOUND registry.yarnpkg.com registry.yarnpkg.com:443
      at errnoException (dns.js:50:10)
      at GetAddrInfoReqWrap.onlookup [as oncomplete] (dns.js:92:26)

npm manifest: 
  {
    "name": "flapp",
    "version": "1.0.0",
    "description": "Flapp",
    "main": "main.js",
    "scripts": {
      "start": "electron .",
      "dist": "electron-builder"
    },
    "build":{
      "addId": "com.abantusoft.flapp",
      "extraFiles":{
        "from": "./build",
        "to": "./dist"
      },
      "win":{
        "target": "nsis"
      }
    },
    "author": "",
    "license": "ISC",
    "dependencies": {
      "@trodi/electron-splashscreen": "^1.0.0",
      "csv": "^5.3.1",
      "docx": "^5.0.2",
      "electron": "^8.0.0",
      "electron-splashscreen": "^1.0.0",
      "immutable": "^4.0.0-rc.12",
      "jquery": "^3.4.1",
      "mysql": "^2.17.1",
      "print-pdf": "^0.2.6"
    },
    "devDependencies": {
      "electron": "^8.2.2",
      "electron-builder": "^22.5.1",
      "electron-packager": "^14.2.1",
      "electron-winstaller": "^4.0.0",
      "electron-wix-msi": "^2.2.0"
    }
  }

yarn manifest: 
  No manifest

Lockfile: 
  No lockfile
